<?xml version="1.0" encoding="UTF-8"?>
<!-- Generated by org.testng.reporters.JUnitReportReporter -->
<testsuite hostname="HASSEN-HP" failures="0" tests="4" name="run.Execute" time="67.048" errors="0" timestamp="2020-04-07T21:48:19 EDT" skipped="0">
  <testcase classname="run.Execute" name="verifyHomepageTitle" time="0.009"/>
  <system-out/>
  <testcase classname="run.Execute" name="testHomepage" time="35.712"/>
  <system-out>
Executed Successfully  </system-out>
  <testcase classname="run.Execute" name="passengersInfo" time="31.308"/>
  <system-out>
Executed Successfully  </system-out>
  <testcase classname="run.Execute" name="GetCurrentDateAndTime" time="0.019"/>
  <system-out/>
</testsuite> <!-- run.Execute -->
