<?xml version="1.0" encoding="UTF-8"?>
<!-- Generated by org.testng.reporters.JUnitReportReporter -->
<testsuite hostname="HASSEN-HP" failures="0" tests="2" name="flight.Browser" time="0.716" errors="0" timestamp="2020-05-12T12:26:43 EDT" skipped="0">
  <testcase classname="flight.Browser" name="verifyHomepageTitle" time="0.654"/>
  <system-out/>
  <testcase classname="flight.Browser" name="GetCurrentDateAndTime" time="0.062"/>
  <system-out/>
</testsuite> <!-- flight.Browser -->
